Base path: '/Applications/Unity/Hub/Editor/2019.3.0f5/Unity.app/Contents', plugins path '/Applications/Unity/Hub/Editor/2019.3.0f5/PlaybackEngines'
Cmd: initializeCompiler
Cmd: compileComputeKernel
  api=14 insize=18731 outsize=9678 ok=1
Cmd: translateComputeKernel
  api=14 insize=9375 outsize=16169 ok=1
Cmd: translateComputeKernel
  api=14 insize=11447 outsize=25062 ok=1
Cmd: compileComputeKernel
  api=14 insize=1505 outsize=2071 ok=1
Cmd: compileComputeKernel
  api=14 insize=5032 outsize=7304 ok=1
Cmd: compileComputeKernel
  api=14 insize=11176 outsize=10700 ok=1
Cmd: compileComputeKernel
  api=14 insize=2120 outsize=1477 ok=1
Cmd: translateComputeKernel
  api=14 insize=865 outsize=805 ok=1
Cmd: translateComputeKernel
  api=14 insize=876 outsize=807 ok=1

Quitting shader compiler process
